

============================== 2022-01-22 04:22:32.799015 | 9aaad552-cfde-4d74-934b-20a0c14f132c ==============================
04:22:32.799015 [info ] [MainThread]: Running with dbt=1.0.1
04:22:32.800542 [debug] [MainThread]: running dbt with arguments Namespace(cls=<class 'dbt.task.init.InitTask'>, debug=None, defer=None, event_buffer_size=None, fail_fast=None, log_cache_events=False, log_format=None, partial_parse=None, printer_width=None, profile=None, profiles_dir='/home/vagrant/.dbt', project_dir=None, project_name='learn-dbt', record_timing_info=None, rpc_method=None, send_anonymous_usage_stats=None, single_threaded=False, skip_profile_setup=False, state=None, static_parser=None, target=None, use_colors=None, use_experimental_parser=None, vars='{}', version_check=None, warn_error=None, which='init', write_json=None)
04:22:32.804648 [debug] [MainThread]: Tracking: tracking
04:22:32.806444 [debug] [MainThread]: Sending event: {'category': 'dbt', 'action': 'invocation', 'label': 'start', 'context': [<snowplow_tracker.self_describing_json.SelfDescribingJson object at 0x7fe5a2a31fd0>, <snowplow_tracker.self_describing_json.SelfDescribingJson object at 0x7fe5a2a45cd0>, <snowplow_tracker.self_describing_json.SelfDescribingJson object at 0x7fe5a2a458d0>]}
04:22:32.808834 [debug] [MainThread]: Starter project path: /home/vagrant/.local/lib/python3.7/site-packages/dbt/include/starter_project
04:23:46.402123 [info ] [MainThread]: Profile learn-dbt written to /home/vagrant/.dbt/profiles.yml using target's profile_template.yml and your supplied values. Run 'dbt debug' to validate the connection.
04:23:46.403674 [info ] [MainThread]: 
Your new dbt project "learn-dbt" was created!

For more information on how to configure the profiles.yml file,
please consult the dbt documentation here:

  https://docs.getdbt.com/docs/configure-your-profile

One more thing:

Need help? Don't hesitate to reach out to us via GitHub issues or on Slack:

  https://community.getdbt.com/

Happy modeling!

04:23:46.405316 [debug] [MainThread]: Sending event: {'category': 'dbt', 'action': 'invocation', 'label': 'end', 'context': [<snowplow_tracker.self_describing_json.SelfDescribingJson object at 0x7fe5a2a4df90>, <snowplow_tracker.self_describing_json.SelfDescribingJson object at 0x7fe5a2a4db10>, <snowplow_tracker.self_describing_json.SelfDescribingJson object at 0x7fe5a2a4d410>]}


============================== 2022-01-22 04:30:25.682451 | f3ed95a3-1acd-4fc9-878d-cf49c1d1d214 ==============================
04:30:25.682451 [info ] [MainThread]: Running with dbt=1.0.1
04:30:25.683259 [debug] [MainThread]: running dbt with arguments Namespace(cls=<class 'dbt.task.debug.DebugTask'>, config_dir=False, debug=None, defer=None, event_buffer_size=None, fail_fast=None, log_cache_events=False, log_format=None, partial_parse=None, printer_width=None, profile=None, profiles_dir='/home/vagrant/.dbt', project_dir=None, record_timing_info=None, rpc_method=None, send_anonymous_usage_stats=None, single_threaded=False, state=None, static_parser=None, target=None, use_colors=None, use_experimental_parser=None, vars='{}', version_check=None, warn_error=None, which='debug', write_json=None)
04:30:25.684044 [debug] [MainThread]: Tracking: tracking
04:30:25.686166 [debug] [MainThread]: Sending event: {'category': 'dbt', 'action': 'invocation', 'label': 'start', 'context': [<snowplow_tracker.self_describing_json.SelfDescribingJson object at 0x7fdb962cd890>, <snowplow_tracker.self_describing_json.SelfDescribingJson object at 0x7fdb99a23450>, <snowplow_tracker.self_describing_json.SelfDescribingJson object at 0x7fdb99a23490>]}
04:30:26.283462 [debug] [MainThread]: Executing "git --help"
04:30:26.291103 [debug] [MainThread]: STDOUT: "b"usage: git [--version] [--help] [-c name=value]\n           [--exec-path[=<path>]] [--html-path] [--man-path] [--info-path]\n           [-p|--paginate|--no-pager] [--no-replace-objects] [--bare]\n           [--git-dir=<path>] [--work-tree=<path>] [--namespace=<name>]\n           <command> [<args>]\n\nThe most commonly used git commands are:\n   add        Add file contents to the index\n   bisect     Find by binary search the change that introduced a bug\n   branch     List, create, or delete branches\n   checkout   Checkout a branch or paths to the working tree\n   clone      Clone a repository into a new directory\n   commit     Record changes to the repository\n   diff       Show changes between commits, commit and working tree, etc\n   fetch      Download objects and refs from another repository\n   grep       Print lines matching a pattern\n   init       Create an empty Git repository or reinitialize an existing one\n   log        Show commit logs\n   merge      Join two or more development histories together\n   mv         Move or rename a file, a directory, or a symlink\n   pull       Fetch from and merge with another repository or a local branch\n   push       Update remote refs along with associated objects\n   rebase     Forward-port local commits to the updated upstream head\n   reset      Reset current HEAD to the specified state\n   rm         Remove files from the working tree and from the index\n   show       Show various types of objects\n   status     Show the working tree status\n   tag        Create, list, delete or verify a tag object signed with GPG\n\n'git help -a' and 'git help -g' lists available subcommands and some\nconcept guides. See 'git help <command>' or 'git help <concept>'\nto read about a specific subcommand or concept.\n""
04:30:26.292302 [debug] [MainThread]: STDERR: "b''"
04:30:26.293532 [debug] [MainThread]: Sending event: {'category': 'dbt', 'action': 'invocation', 'label': 'end', 'context': [<snowplow_tracker.self_describing_json.SelfDescribingJson object at 0x7fdb962be9d0>, <snowplow_tracker.self_describing_json.SelfDescribingJson object at 0x7fdb902ff6d0>, <snowplow_tracker.self_describing_json.SelfDescribingJson object at 0x7fdb902e3b90>]}


============================== 2022-03-18 02:59:43.995096 | bd23fad1-c5ed-4598-aaa0-f55aa6a5ec7e ==============================
02:59:43.995096 [info ] [MainThread]: Running with dbt=1.0.1
02:59:43.996998 [debug] [MainThread]: running dbt with arguments Namespace(cls=<class 'dbt.task.debug.DebugTask'>, config_dir=False, debug=None, defer=None, event_buffer_size=None, fail_fast=None, log_cache_events=False, log_format=None, partial_parse=None, printer_width=None, profile=None, profiles_dir='/home/vagrant/.dbt', project_dir=None, record_timing_info=None, rpc_method=None, send_anonymous_usage_stats=None, single_threaded=False, state=None, static_parser=None, target=None, use_colors=None, use_experimental_parser=None, vars='{}', version_check=None, warn_error=None, which='debug', write_json=None)
02:59:43.997674 [debug] [MainThread]: Tracking: tracking
02:59:44.007642 [debug] [MainThread]: Sending event: {'category': 'dbt', 'action': 'invocation', 'label': 'start', 'context': [<snowplow_tracker.self_describing_json.SelfDescribingJson object at 0x7f2e0a049bd0>, <snowplow_tracker.self_describing_json.SelfDescribingJson object at 0x7f2e0dc7ced0>, <snowplow_tracker.self_describing_json.SelfDescribingJson object at 0x7f2e0dc7cf10>]}
02:59:44.541921 [debug] [MainThread]: Executing "git --help"
02:59:44.563862 [debug] [MainThread]: STDOUT: "b"usage: git [--version] [--help] [-c name=value]\n           [--exec-path[=<path>]] [--html-path] [--man-path] [--info-path]\n           [-p|--paginate|--no-pager] [--no-replace-objects] [--bare]\n           [--git-dir=<path>] [--work-tree=<path>] [--namespace=<name>]\n           <command> [<args>]\n\nThe most commonly used git commands are:\n   add        Add file contents to the index\n   bisect     Find by binary search the change that introduced a bug\n   branch     List, create, or delete branches\n   checkout   Checkout a branch or paths to the working tree\n   clone      Clone a repository into a new directory\n   commit     Record changes to the repository\n   diff       Show changes between commits, commit and working tree, etc\n   fetch      Download objects and refs from another repository\n   grep       Print lines matching a pattern\n   init       Create an empty Git repository or reinitialize an existing one\n   log        Show commit logs\n   merge      Join two or more development histories together\n   mv         Move or rename a file, a directory, or a symlink\n   pull       Fetch from and merge with another repository or a local branch\n   push       Update remote refs along with associated objects\n   rebase     Forward-port local commits to the updated upstream head\n   reset      Reset current HEAD to the specified state\n   rm         Remove files from the working tree and from the index\n   show       Show various types of objects\n   status     Show the working tree status\n   tag        Create, list, delete or verify a tag object signed with GPG\n\n'git help -a' and 'git help -g' lists available subcommands and some\nconcept guides. See 'git help <command>' or 'git help <concept>'\nto read about a specific subcommand or concept.\n""
02:59:44.565956 [debug] [MainThread]: STDERR: "b''"
02:59:44.586173 [debug] [MainThread]: Acquiring new snowflake connection "debug"
02:59:44.589363 [debug] [MainThread]: Using snowflake connection "debug"
02:59:44.590163 [debug] [MainThread]: On debug: select 1 as id
02:59:44.590878 [debug] [MainThread]: Opening a new connection, currently in state init
02:59:45.555706 [debug] [MainThread]: SQL status: SUCCESS 1 in 0.96 seconds
02:59:45.560592 [debug] [MainThread]: On debug: Close
02:59:45.709458 [debug] [MainThread]: Sending event: {'category': 'dbt', 'action': 'invocation', 'label': 'end', 'context': [<snowplow_tracker.self_describing_json.SelfDescribingJson object at 0x7f2e09de0610>, <snowplow_tracker.self_describing_json.SelfDescribingJson object at 0x7f2e09de0a50>, <snowplow_tracker.self_describing_json.SelfDescribingJson object at 0x7f2e03c23950>]}
02:59:46.674745 [debug] [MainThread]: Connection 'debug' was properly closed.


============================== 2022-03-18 03:02:02.921198 | a91fff62-cfca-4a9b-ba23-bf67cd790b36 ==============================
03:02:02.921198 [info ] [MainThread]: Running with dbt=1.0.1
03:02:02.922262 [debug] [MainThread]: running dbt with arguments Namespace(cls=<class 'dbt.task.debug.DebugTask'>, config_dir=True, debug=None, defer=None, event_buffer_size=None, fail_fast=None, log_cache_events=False, log_format=None, partial_parse=None, printer_width=None, profile=None, profiles_dir='/home/vagrant/.dbt', project_dir=None, record_timing_info=None, rpc_method=None, send_anonymous_usage_stats=None, single_threaded=False, state=None, static_parser=None, target=None, use_colors=None, use_experimental_parser=None, vars='{}', version_check=None, warn_error=None, which='debug', write_json=None)
03:02:02.922894 [debug] [MainThread]: Tracking: tracking
03:02:02.932492 [debug] [MainThread]: Sending event: {'category': 'dbt', 'action': 'invocation', 'label': 'start', 'context': [<snowplow_tracker.self_describing_json.SelfDescribingJson object at 0x7f4a4a5bc0d0>, <snowplow_tracker.self_describing_json.SelfDescribingJson object at 0x7f4a4e1f0fd0>, <snowplow_tracker.self_describing_json.SelfDescribingJson object at 0x7f4a4e1f0f90>]}
03:02:02.934067 [info ] [MainThread]: To view your profiles.yml file, run:

xdg-open /home/vagrant/.dbt
03:02:02.936010 [debug] [MainThread]: Sending event: {'category': 'dbt', 'action': 'invocation', 'label': 'end', 'context': [<snowplow_tracker.self_describing_json.SelfDescribingJson object at 0x7f4a4a5bc810>, <snowplow_tracker.self_describing_json.SelfDescribingJson object at 0x7f4a4e1f0fd0>, <snowplow_tracker.self_describing_json.SelfDescribingJson object at 0x7f4a4e1f0f90>]}


============================== 2022-03-18 03:04:43.807172 | 8e2939f9-c698-41ab-869c-c5407d6634f5 ==============================
03:04:43.807172 [info ] [MainThread]: Running with dbt=1.0.1
03:04:43.808565 [debug] [MainThread]: running dbt with arguments Namespace(cls=<class 'dbt.task.debug.DebugTask'>, config_dir=False, debug=None, defer=None, event_buffer_size=None, fail_fast=None, log_cache_events=False, log_format=None, partial_parse=None, printer_width=None, profile=None, profiles_dir='/home/vagrant/.dbt', project_dir=None, record_timing_info=None, rpc_method=None, send_anonymous_usage_stats=None, single_threaded=False, state=None, static_parser=None, target=None, use_colors=None, use_experimental_parser=None, vars='{}', version_check=None, warn_error=None, which='debug', write_json=None)
03:04:43.809515 [debug] [MainThread]: Tracking: tracking
03:04:43.818604 [debug] [MainThread]: Sending event: {'category': 'dbt', 'action': 'invocation', 'label': 'start', 'context': [<snowplow_tracker.self_describing_json.SelfDescribingJson object at 0x7f532dee2110>, <snowplow_tracker.self_describing_json.SelfDescribingJson object at 0x7f532dee2150>, <snowplow_tracker.self_describing_json.SelfDescribingJson object at 0x7f5331b16f50>]}
03:04:44.310982 [debug] [MainThread]: Executing "git --help"
03:04:44.319799 [debug] [MainThread]: STDOUT: "b"usage: git [--version] [--help] [-c name=value]\n           [--exec-path[=<path>]] [--html-path] [--man-path] [--info-path]\n           [-p|--paginate|--no-pager] [--no-replace-objects] [--bare]\n           [--git-dir=<path>] [--work-tree=<path>] [--namespace=<name>]\n           <command> [<args>]\n\nThe most commonly used git commands are:\n   add        Add file contents to the index\n   bisect     Find by binary search the change that introduced a bug\n   branch     List, create, or delete branches\n   checkout   Checkout a branch or paths to the working tree\n   clone      Clone a repository into a new directory\n   commit     Record changes to the repository\n   diff       Show changes between commits, commit and working tree, etc\n   fetch      Download objects and refs from another repository\n   grep       Print lines matching a pattern\n   init       Create an empty Git repository or reinitialize an existing one\n   log        Show commit logs\n   merge      Join two or more development histories together\n   mv         Move or rename a file, a directory, or a symlink\n   pull       Fetch from and merge with another repository or a local branch\n   push       Update remote refs along with associated objects\n   rebase     Forward-port local commits to the updated upstream head\n   reset      Reset current HEAD to the specified state\n   rm         Remove files from the working tree and from the index\n   show       Show various types of objects\n   status     Show the working tree status\n   tag        Create, list, delete or verify a tag object signed with GPG\n\n'git help -a' and 'git help -g' lists available subcommands and some\nconcept guides. See 'git help <command>' or 'git help <concept>'\nto read about a specific subcommand or concept.\n""
03:04:44.320784 [debug] [MainThread]: STDERR: "b''"
03:04:44.330329 [debug] [MainThread]: Acquiring new snowflake connection "debug"
03:04:44.333889 [debug] [MainThread]: Using snowflake connection "debug"
03:04:44.334846 [debug] [MainThread]: On debug: select 1 as id
03:04:44.335352 [debug] [MainThread]: Opening a new connection, currently in state init
03:04:45.158285 [debug] [MainThread]: SQL status: SUCCESS 1 in 0.82 seconds
03:04:45.161037 [debug] [MainThread]: On debug: Close
03:04:45.295321 [debug] [MainThread]: Sending event: {'category': 'dbt', 'action': 'invocation', 'label': 'end', 'context': [<snowplow_tracker.self_describing_json.SelfDescribingJson object at 0x7f5327ab8150>, <snowplow_tracker.self_describing_json.SelfDescribingJson object at 0x7f5327ab8690>, <snowplow_tracker.self_describing_json.SelfDescribingJson object at 0x7f5327ab82d0>]}
03:04:46.324201 [debug] [MainThread]: Connection 'debug' was properly closed.


============================== 2022-03-18 03:08:58.907464 | 72d5ea0f-b1ad-456f-850e-492944e59b60 ==============================
03:08:58.907464 [info ] [MainThread]: Running with dbt=1.0.1
03:08:58.908764 [debug] [MainThread]: running dbt with arguments Namespace(cls=<class 'dbt.task.debug.DebugTask'>, config_dir=True, debug=None, defer=None, event_buffer_size=None, fail_fast=None, log_cache_events=False, log_format=None, partial_parse=None, printer_width=None, profile=None, profiles_dir='/home/vagrant/.dbt', project_dir=None, record_timing_info=None, rpc_method=None, send_anonymous_usage_stats=None, single_threaded=False, state=None, static_parser=None, target=None, use_colors=None, use_experimental_parser=None, vars='{}', version_check=None, warn_error=None, which='debug', write_json=None)
03:08:58.909937 [debug] [MainThread]: Tracking: tracking
03:08:58.918640 [debug] [MainThread]: Sending event: {'category': 'dbt', 'action': 'invocation', 'label': 'start', 'context': [<snowplow_tracker.self_describing_json.SelfDescribingJson object at 0x7f1df2508bd0>, <snowplow_tracker.self_describing_json.SelfDescribingJson object at 0x7f1df613cfd0>, <snowplow_tracker.self_describing_json.SelfDescribingJson object at 0x7f1df613cf90>]}
03:08:58.920046 [info ] [MainThread]: To view your profiles.yml file, run:

xdg-open /home/vagrant/.dbt
03:08:58.921057 [debug] [MainThread]: Sending event: {'category': 'dbt', 'action': 'invocation', 'label': 'end', 'context': [<snowplow_tracker.self_describing_json.SelfDescribingJson object at 0x7f1df61377d0>, <snowplow_tracker.self_describing_json.SelfDescribingJson object at 0x7f1df2508bd0>, <snowplow_tracker.self_describing_json.SelfDescribingJson object at 0x7f1df2508d90>]}


============================== 2022-03-18 03:09:16.905863 | 82ac33db-9968-4c2a-a009-eac8235a38e3 ==============================
03:09:16.905863 [info ] [MainThread]: Running with dbt=1.0.1
03:09:16.906900 [debug] [MainThread]: running dbt with arguments Namespace(cls=<class 'dbt.task.debug.DebugTask'>, config_dir=False, debug=None, defer=None, event_buffer_size=None, fail_fast=None, log_cache_events=False, log_format=None, partial_parse=None, printer_width=None, profile=None, profiles_dir='/home/vagrant/.dbt', project_dir=None, record_timing_info=None, rpc_method=None, send_anonymous_usage_stats=None, single_threaded=False, state=None, static_parser=None, target=None, use_colors=None, use_experimental_parser=None, vars='{}', version_check=None, warn_error=None, which='debug', write_json=None)
03:09:16.907328 [debug] [MainThread]: Tracking: tracking
03:09:16.916200 [debug] [MainThread]: Sending event: {'category': 'dbt', 'action': 'invocation', 'label': 'start', 'context': [<snowplow_tracker.self_describing_json.SelfDescribingJson object at 0x7fe46f9153d0>, <snowplow_tracker.self_describing_json.SelfDescribingJson object at 0x7fe46f915090>, <snowplow_tracker.self_describing_json.SelfDescribingJson object at 0x7fe46f915110>]}
03:09:17.404069 [debug] [MainThread]: Executing "git --help"
03:09:17.412778 [debug] [MainThread]: STDOUT: "b"usage: git [--version] [--help] [-c name=value]\n           [--exec-path[=<path>]] [--html-path] [--man-path] [--info-path]\n           [-p|--paginate|--no-pager] [--no-replace-objects] [--bare]\n           [--git-dir=<path>] [--work-tree=<path>] [--namespace=<name>]\n           <command> [<args>]\n\nThe most commonly used git commands are:\n   add        Add file contents to the index\n   bisect     Find by binary search the change that introduced a bug\n   branch     List, create, or delete branches\n   checkout   Checkout a branch or paths to the working tree\n   clone      Clone a repository into a new directory\n   commit     Record changes to the repository\n   diff       Show changes between commits, commit and working tree, etc\n   fetch      Download objects and refs from another repository\n   grep       Print lines matching a pattern\n   init       Create an empty Git repository or reinitialize an existing one\n   log        Show commit logs\n   merge      Join two or more development histories together\n   mv         Move or rename a file, a directory, or a symlink\n   pull       Fetch from and merge with another repository or a local branch\n   push       Update remote refs along with associated objects\n   rebase     Forward-port local commits to the updated upstream head\n   reset      Reset current HEAD to the specified state\n   rm         Remove files from the working tree and from the index\n   show       Show various types of objects\n   status     Show the working tree status\n   tag        Create, list, delete or verify a tag object signed with GPG\n\n'git help -a' and 'git help -g' lists available subcommands and some\nconcept guides. See 'git help <command>' or 'git help <concept>'\nto read about a specific subcommand or concept.\n""
03:09:17.414009 [debug] [MainThread]: STDERR: "b''"
03:09:17.421372 [debug] [MainThread]: Acquiring new snowflake connection "debug"
03:09:17.427157 [debug] [MainThread]: Using snowflake connection "debug"
03:09:17.428247 [debug] [MainThread]: On debug: select 1 as id
03:09:17.428754 [debug] [MainThread]: Opening a new connection, currently in state init
03:09:18.265377 [debug] [MainThread]: SQL status: SUCCESS 1 in 0.84 seconds
03:09:18.272337 [debug] [MainThread]: On debug: Close
03:09:18.388287 [debug] [MainThread]: Sending event: {'category': 'dbt', 'action': 'invocation', 'label': 'end', 'context': [<snowplow_tracker.self_describing_json.SelfDescribingJson object at 0x7fe473532dd0>, <snowplow_tracker.self_describing_json.SelfDescribingJson object at 0x7fe46f6adcd0>, <snowplow_tracker.self_describing_json.SelfDescribingJson object at 0x7fe46f6adf10>]}
03:09:19.674884 [debug] [MainThread]: Connection 'debug' was properly closed.
